<?xml version="1.0" encoding="UTF-8"?>
<testng-results ignored="0" total="1" passed="1" failed="0" skipped="0">
  <reporter-output>
  </reporter-output>
  <suite started-at="2024-08-09T19:11:29 IST" name="Surefire suite" finished-at="2024-08-09T19:11:35 IST" duration-ms="6249">
    <groups>
    </groups>
    <test started-at="2024-08-09T19:11:29 IST" name="Surefire test" finished-at="2024-08-09T19:11:35 IST" duration-ms="6249">
      <class name="com.example.SeleniumTest">
        <test-method is-config="true" signature="setUp()[pri:0, instance:com.example.SeleniumTest@11a9e7c8]" started-at="2024-08-09T19:11:29 IST" name="setUp" finished-at="2024-08-09T19:11:32 IST" duration-ms="2425" status="PASS">
          <reporter-output>
          </reporter-output>
        </test-method> <!-- setUp -->
        <test-method signature="testGoogleSearch()[pri:0, instance:com.example.SeleniumTest@11a9e7c8]" started-at="2024-08-09T19:11:32 IST" name="testGoogleSearch" finished-at="2024-08-09T19:11:35 IST" duration-ms="3692" status="PASS">
          <reporter-output>
          </reporter-output>
        </test-method> <!-- testGoogleSearch -->
        <test-method is-config="true" signature="tearDown()[pri:0, instance:com.example.SeleniumTest@11a9e7c8]" started-at="2024-08-09T19:11:35 IST" name="tearDown" finished-at="2024-08-09T19:11:35 IST" duration-ms="111" status="PASS">
          <reporter-output>
          </reporter-output>
        </test-method> <!-- tearDown -->
      </class> <!-- com.example.SeleniumTest -->
    </test> <!-- Surefire test -->
  </suite> <!-- Surefire suite -->
</testng-results>
